c:\users\user\documents\github\informatica_dolg\5 работа\programm\winapi\winapi\x64\debug\vc143.pdb
c:\users\user\documents\github\informatica_dolg\5 работа\programm\winapi\winapi\x64\debug\.netframework,version=v4.7.2.assemblyattributes.obj
c:\users\user\documents\github\informatica_dolg\5 работа\programm\winapi\winapi\x64\debug\drawingform.obj
c:\users\user\documents\github\informatica_dolg\5 работа\programm\winapi\winapi\x64\debug\appform.obj
c:\users\user\documents\github\informatica_dolg\5 работа\programm\winapi\x64\debug\winapi.exe
c:\users\user\documents\github\informatica_dolg\5 работа\programm\winapi\winapi\x64\debug\winapi.vcxproj.assemblyreference.cache
c:\users\user\documents\github\informatica_dolg\5 работа\programm\winapi\winapi\x64\debug\winapi.vcxproj.generateresource.cache
c:\users\user\documents\github\informatica_dolg\5 работа\programm\winapi\winapi\x64\debug\winapi.appform.resources
c:\users\user\documents\github\informatica_dolg\5 работа\programm\winapi\winapi\x64\debug\winapi.drawingform.resources
c:\users\user\documents\github\informatica_dolg\5 работа\programm\winapi\x64\debug\winapi.pdb
c:\users\user\documents\github\informatica_dolg\5 работа\programm\winapi\winapi\x64\debug\winapi.tlog\cl.command.1.tlog
c:\users\user\documents\github\informatica_dolg\5 работа\programm\winapi\winapi\x64\debug\winapi.tlog\cl.read.1.tlog
c:\users\user\documents\github\informatica_dolg\5 работа\programm\winapi\winapi\x64\debug\winapi.tlog\cl.write.1.tlog
c:\users\user\documents\github\informatica_dolg\5 работа\programm\winapi\winapi\x64\debug\winapi.tlog\link.40652-cvtres.read.1.tlog
c:\users\user\documents\github\informatica_dolg\5 работа\programm\winapi\winapi\x64\debug\winapi.tlog\link.40652-cvtres.write.1.tlog
c:\users\user\documents\github\informatica_dolg\5 работа\programm\winapi\winapi\x64\debug\winapi.tlog\link.40652-rc.read.1.tlog
c:\users\user\documents\github\informatica_dolg\5 работа\programm\winapi\winapi\x64\debug\winapi.tlog\link.40652-rc.write.1.tlog
c:\users\user\documents\github\informatica_dolg\5 работа\programm\winapi\winapi\x64\debug\winapi.tlog\link.40652.read.1.tlog
c:\users\user\documents\github\informatica_dolg\5 работа\programm\winapi\winapi\x64\debug\winapi.tlog\link.40652.read.2.tlog
c:\users\user\documents\github\informatica_dolg\5 работа\programm\winapi\winapi\x64\debug\winapi.tlog\link.40652.write.1.tlog
c:\users\user\documents\github\informatica_dolg\5 работа\programm\winapi\winapi\x64\debug\winapi.tlog\link.62520-cvtres.read.1.tlog
c:\users\user\documents\github\informatica_dolg\5 работа\programm\winapi\winapi\x64\debug\winapi.tlog\link.62520-cvtres.write.1.tlog
c:\users\user\documents\github\informatica_dolg\5 работа\programm\winapi\winapi\x64\debug\winapi.tlog\link.62520-rc.read.1.tlog
c:\users\user\documents\github\informatica_dolg\5 работа\programm\winapi\winapi\x64\debug\winapi.tlog\link.62520-rc.write.1.tlog
c:\users\user\documents\github\informatica_dolg\5 работа\programm\winapi\winapi\x64\debug\winapi.tlog\link.62520.read.1.tlog
c:\users\user\documents\github\informatica_dolg\5 работа\programm\winapi\winapi\x64\debug\winapi.tlog\link.62520.read.2.tlog
c:\users\user\documents\github\informatica_dolg\5 работа\programm\winapi\winapi\x64\debug\winapi.tlog\link.62520.write.1.tlog
c:\users\user\documents\github\informatica_dolg\5 работа\programm\winapi\winapi\x64\debug\winapi.tlog\link.63852-cvtres.read.1.tlog
c:\users\user\documents\github\informatica_dolg\5 работа\programm\winapi\winapi\x64\debug\winapi.tlog\link.63852-cvtres.write.1.tlog
c:\users\user\documents\github\informatica_dolg\5 работа\programm\winapi\winapi\x64\debug\winapi.tlog\link.63852-rc.read.1.tlog
c:\users\user\documents\github\informatica_dolg\5 работа\programm\winapi\winapi\x64\debug\winapi.tlog\link.63852-rc.write.1.tlog
c:\users\user\documents\github\informatica_dolg\5 работа\programm\winapi\winapi\x64\debug\winapi.tlog\link.63852.read.1.tlog
c:\users\user\documents\github\informatica_dolg\5 работа\programm\winapi\winapi\x64\debug\winapi.tlog\link.63852.read.2.tlog
c:\users\user\documents\github\informatica_dolg\5 работа\programm\winapi\winapi\x64\debug\winapi.tlog\link.63852.write.1.tlog
c:\users\user\documents\github\informatica_dolg\5 работа\programm\winapi\winapi\x64\debug\winapi.tlog\link.command.1.tlog
c:\users\user\documents\github\informatica_dolg\5 работа\programm\winapi\winapi\x64\debug\winapi.tlog\link.read.1.tlog
c:\users\user\documents\github\informatica_dolg\5 работа\programm\winapi\winapi\x64\debug\winapi.tlog\link.read.2.tlog
c:\users\user\documents\github\informatica_dolg\5 работа\programm\winapi\winapi\x64\debug\winapi.tlog\link.write.1.tlog
c:\users\user\documents\github\informatica_dolg\5 работа\programm\winapi\winapi\x64\debug\winapi.tlog\metagen.read.1.tlog
c:\users\user\documents\github\informatica_dolg\5 работа\programm\winapi\winapi\x64\debug\winapi.tlog\metagen.write.1.tlog
c:\users\user\documents\github\informatica_dolg\5 работа\programm\winapi\winapi\x64\debug\winapi.tlog\resgen.command.1.tlog
c:\users\user\documents\github\informatica_dolg\5 работа\programm\winapi\winapi\x64\debug\winapi.tlog\resgen.read.1.tlog
c:\users\user\documents\github\informatica_dolg\5 работа\programm\winapi\winapi\x64\debug\winapi.tlog\resgen.write.1.tlog
